1499660587087	geckodriver	INFO	Listening on 127.0.0.1:36760
1499660588248	geckodriver::marionette	INFO	Starting browser /usr/bin/firefox with args ["-marionette"]

(firefox:4692): GLib-GObject-CRITICAL **: g_object_ref: assertion 'object->ref_count > 0' failed

(firefox:4692): GLib-GObject-CRITICAL **: g_object_unref: assertion 'object->ref_count > 0' failed

(firefox:4692): GLib-GObject-CRITICAL **: g_object_ref: assertion 'object->ref_count > 0' failed

(firefox:4692): GLib-GObject-CRITICAL **: g_object_unref: assertion 'object->ref_count > 0' failed
1499660592665	Marionette	INFO	Listening on port 42517
1499660592725	Marionette	WARN	TLS certificate errors will be ignored for this session
1499660602740	Marionette	INFO	Ceased listening

(firefox:4692): GLib-GObject-CRITICAL **: g_object_ref: assertion 'object->ref_count > 0' failed

(firefox:4692): GLib-GObject-CRITICAL **: g_object_unref: assertion 'object->ref_count > 0' failed

(firefox:4692): GLib-GObject-CRITICAL **: g_object_ref: assertion 'object->ref_count > 0' failed

(firefox:4692): GLib-GObject-CRITICAL **: g_object_unref: assertion 'object->ref_count > 0' failed

(firefox:4692): GLib-GObject-CRITICAL **: g_object_ref: assertion 'object->ref_count > 0' failed

(firefox:4692): GLib-GObject-CRITICAL **: g_object_unref: assertion 'object->ref_count > 0' failed

(firefox:4692): GLib-GObject-CRITICAL **: g_object_ref: assertion 'object->ref_count > 0' failed

(firefox:4692): GLib-GObject-CRITICAL **: g_object_unref: assertion 'object->ref_count > 0' failed

(firefox:4692): GLib-GObject-CRITICAL **: g_object_ref: assertion 'object->ref_count > 0' failed

(firefox:4692): GLib-GObject-CRITICAL **: g_object_unref: assertion 'object->ref_count > 0' failed
1499660617928	geckodriver	INFO	Listening on 127.0.0.1:47148
1499660619092	geckodriver::marionette	INFO	Starting browser /usr/bin/firefox with args ["-marionette"]

(firefox:4821): GLib-GObject-CRITICAL **: g_object_ref: assertion 'object->ref_count > 0' failed

(firefox:4821): GLib-GObject-CRITICAL **: g_object_unref: assertion 'object->ref_count > 0' failed

(firefox:4821): GLib-GObject-CRITICAL **: g_object_ref: assertion 'object->ref_count > 0' failed

(firefox:4821): GLib-GObject-CRITICAL **: g_object_unref: assertion 'object->ref_count > 0' failed
1499660623594	Marionette	INFO	Listening on port 34567
1499660623652	Marionette	WARN	TLS certificate errors will be ignored for this session
1499660633701	geckodriver	INFO	Listening on 127.0.0.1:42629
1499660634852	geckodriver::marionette	INFO	Starting browser /usr/bin/firefox with args ["-marionette"]

(firefox:4907): GLib-GObject-CRITICAL **: g_object_ref: assertion 'object->ref_count > 0' failed

(firefox:4907): GLib-GObject-CRITICAL **: g_object_unref: assertion 'object->ref_count > 0' failed

(firefox:4907): GLib-GObject-CRITICAL **: g_object_ref: assertion 'object->ref_count > 0' failed

(firefox:4907): GLib-GObject-CRITICAL **: g_object_unref: assertion 'object->ref_count > 0' failed
1499660639966	Marionette	INFO	Listening on port 60423
1499660640023	Marionette	WARN	TLS certificate errors will be ignored for this session
1499660643872	Marionette	INFO	Ceased listening

(firefox:4907): GLib-GObject-CRITICAL **: g_object_ref: assertion 'object->ref_count > 0' failed

(firefox:4907): GLib-GObject-CRITICAL **: g_object_unref: assertion 'object->ref_count > 0' failed

(firefox:4907): GLib-GObject-CRITICAL **: g_object_ref: assertion 'object->ref_count > 0' failed

(firefox:4907): GLib-GObject-CRITICAL **: g_object_unref: assertion 'object->ref_count > 0' failed

(firefox:4907): GLib-GObject-CRITICAL **: g_object_ref: assertion 'object->ref_count > 0' failed

(firefox:4907): GLib-GObject-CRITICAL **: g_object_unref: assertion 'object->ref_count > 0' failed

(firefox:4907): GLib-GObject-CRITICAL **: g_object_ref: assertion 'object->ref_count > 0' failed

(firefox:4907): GLib-GObject-CRITICAL **: g_object_unref: assertion 'object->ref_count > 0' failed

(firefox:4907): GLib-GObject-CRITICAL **: g_object_ref: assertion 'object->ref_count > 0' failed

(firefox:4907): GLib-GObject-CRITICAL **: g_object_unref: assertion 'object->ref_count > 0' failed
1499660645482	Marionette	INFO	Ceased listening

(firefox:4821): GLib-GObject-CRITICAL **: g_object_ref: assertion 'object->ref_count > 0' failed

(firefox:4821): GLib-GObject-CRITICAL **: g_object_unref: assertion 'object->ref_count > 0' failed

(firefox:4821): GLib-GObject-CRITICAL **: g_object_ref: assertion 'object->ref_count > 0' failed

(firefox:4821): GLib-GObject-CRITICAL **: g_object_unref: assertion 'object->ref_count > 0' failed

(firefox:4821): GLib-GObject-CRITICAL **: g_object_ref: assertion 'object->ref_count > 0' failed

(firefox:4821): GLib-GObject-CRITICAL **: g_object_unref: assertion 'object->ref_count > 0' failed

(firefox:4821): GLib-GObject-CRITICAL **: g_object_ref: assertion 'object->ref_count > 0' failed

(firefox:4821): GLib-GObject-CRITICAL **: g_object_unref: assertion 'object->ref_count > 0' failed

(firefox:4821): GLib-GObject-CRITICAL **: g_object_ref: assertion 'object->ref_count > 0' failed

(firefox:4821): GLib-GObject-CRITICAL **: g_object_unref: assertion 'object->ref_count > 0' failed
1499660724021	geckodriver	INFO	Listening on 127.0.0.1:58403
1499660725183	geckodriver::marionette	INFO	Starting browser /usr/bin/firefox with args ["-marionette"]

(firefox:5188): GLib-GObject-CRITICAL **: g_object_ref: assertion 'object->ref_count > 0' failed

(firefox:5188): GLib-GObject-CRITICAL **: g_object_unref: assertion 'object->ref_count > 0' failed

(firefox:5188): GLib-GObject-CRITICAL **: g_object_ref: assertion 'object->ref_count > 0' failed

(firefox:5188): GLib-GObject-CRITICAL **: g_object_unref: assertion 'object->ref_count > 0' failed
1499660729899	Marionette	INFO	Listening on port 52689
1499660729957	Marionette	WARN	TLS certificate errors will be ignored for this session
1499660781246	Marionette	INFO	Ceased listening

(firefox:5188): GLib-GObject-CRITICAL **: g_object_ref: assertion 'object->ref_count > 0' failed

(firefox:5188): GLib-GObject-CRITICAL **: g_object_unref: assertion 'object->ref_count > 0' failed

(firefox:5188): GLib-GObject-CRITICAL **: g_object_ref: assertion 'object->ref_count > 0' failed

(firefox:5188): GLib-GObject-CRITICAL **: g_object_unref: assertion 'object->ref_count > 0' failed

(firefox:5188): GLib-GObject-CRITICAL **: g_object_ref: assertion 'object->ref_count > 0' failed

(firefox:5188): GLib-GObject-CRITICAL **: g_object_unref: assertion 'object->ref_count > 0' failed

(firefox:5188): GLib-GObject-CRITICAL **: g_object_ref: assertion 'object->ref_count > 0' failed

(firefox:5188): GLib-GObject-CRITICAL **: g_object_unref: assertion 'object->ref_count > 0' failed

(firefox:5188): GLib-GObject-CRITICAL **: g_object_ref: assertion 'object->ref_count > 0' failed

(firefox:5188): GLib-GObject-CRITICAL **: g_object_unref: assertion 'object->ref_count > 0' failed
1499660802050	geckodriver	INFO	Listening on 127.0.0.1:41404
1499660803210	geckodriver::marionette	INFO	Starting browser /usr/bin/firefox with args ["-marionette"]

(firefox:5331): GLib-GObject-CRITICAL **: g_object_ref: assertion 'object->ref_count > 0' failed

(firefox:5331): GLib-GObject-CRITICAL **: g_object_unref: assertion 'object->ref_count > 0' failed

(firefox:5331): GLib-GObject-CRITICAL **: g_object_ref: assertion 'object->ref_count > 0' failed

(firefox:5331): GLib-GObject-CRITICAL **: g_object_unref: assertion 'object->ref_count > 0' failed
1499660807859	Marionette	INFO	Listening on port 33848
1499660808026	Marionette	WARN	TLS certificate errors will be ignored for this session
1499660826348	Marionette	INFO	Ceased listening

(firefox:5331): GLib-GObject-CRITICAL **: g_object_ref: assertion 'object->ref_count > 0' failed

(firefox:5331): GLib-GObject-CRITICAL **: g_object_unref: assertion 'object->ref_count > 0' failed

(firefox:5331): GLib-GObject-CRITICAL **: g_object_ref: assertion 'object->ref_count > 0' failed

(firefox:5331): GLib-GObject-CRITICAL **: g_object_unref: assertion 'object->ref_count > 0' failed

(firefox:5331): GLib-GObject-CRITICAL **: g_object_ref: assertion 'object->ref_count > 0' failed

(firefox:5331): GLib-GObject-CRITICAL **: g_object_unref: assertion 'object->ref_count > 0' failed

(firefox:5331): GLib-GObject-CRITICAL **: g_object_ref: assertion 'object->ref_count > 0' failed

(firefox:5331): GLib-GObject-CRITICAL **: g_object_unref: assertion 'object->ref_count > 0' failed

(firefox:5331): GLib-GObject-CRITICAL **: g_object_ref: assertion 'object->ref_count > 0' failed

(firefox:5331): GLib-GObject-CRITICAL **: g_object_unref: assertion 'object->ref_count > 0' failed
1499746702194	geckodriver	INFO	Listening on 127.0.0.1:56192
1499746703283	geckodriver::marionette	INFO	Starting browser /usr/bin/firefox with args ["-marionette"]

(firefox:6926): GLib-GObject-CRITICAL **: g_object_ref: assertion 'object->ref_count > 0' failed

(firefox:6926): GLib-GObject-CRITICAL **: g_object_unref: assertion 'object->ref_count > 0' failed

(firefox:6926): GLib-GObject-CRITICAL **: g_object_ref: assertion 'object->ref_count > 0' failed

(firefox:6926): GLib-GObject-CRITICAL **: g_object_unref: assertion 'object->ref_count > 0' failed
1499746708036	Marionette	INFO	Listening on port 57126
1499746721423	Marionette	INFO	Ceased listening

(firefox:6926): GLib-GObject-CRITICAL **: g_object_ref: assertion 'object->ref_count > 0' failed

(firefox:6926): GLib-GObject-CRITICAL **: g_object_unref: assertion 'object->ref_count > 0' failed

(firefox:6926): GLib-GObject-CRITICAL **: g_object_ref: assertion 'object->ref_count > 0' failed

(firefox:6926): GLib-GObject-CRITICAL **: g_object_unref: assertion 'object->ref_count > 0' failed

(firefox:6926): GLib-GObject-CRITICAL **: g_object_ref: assertion 'object->ref_count > 0' failed

(firefox:6926): GLib-GObject-CRITICAL **: g_object_unref: assertion 'object->ref_count > 0' failed

(firefox:6926): GLib-GObject-CRITICAL **: g_object_ref: assertion 'object->ref_count > 0' failed

(firefox:6926): GLib-GObject-CRITICAL **: g_object_unref: assertion 'object->ref_count > 0' failed

(firefox:6926): GLib-GObject-CRITICAL **: g_object_ref: assertion 'object->ref_count > 0' failed

(firefox:6926): GLib-GObject-CRITICAL **: g_object_unref: assertion 'object->ref_count > 0' failed
1499749086025	geckodriver	INFO	Listening on 127.0.0.1:37098
1499749087225	geckodriver::marionette	INFO	Starting browser /usr/bin/firefox with args ["-marionette"]

(firefox:11138): GLib-GObject-CRITICAL **: g_object_ref: assertion 'object->ref_count > 0' failed

(firefox:11138): GLib-GObject-CRITICAL **: g_object_unref: assertion 'object->ref_count > 0' failed

(firefox:11138): GLib-GObject-CRITICAL **: g_object_ref: assertion 'object->ref_count > 0' failed

(firefox:11138): GLib-GObject-CRITICAL **: g_object_unref: assertion 'object->ref_count > 0' failed
1499749091819	Marionette	INFO	Listening on port 46715
1499749091924	Marionette	WARN	TLS certificate errors will be ignored for this session
1499749141266	Marionette	INFO	Ceased listening

(firefox:11138): GLib-GObject-CRITICAL **: g_object_ref: assertion 'object->ref_count > 0' failed

(firefox:11138): GLib-GObject-CRITICAL **: g_object_unref: assertion 'object->ref_count > 0' failed

(firefox:11138): GLib-GObject-CRITICAL **: g_object_ref: assertion 'object->ref_count > 0' failed

(firefox:11138): GLib-GObject-CRITICAL **: g_object_unref: assertion 'object->ref_count > 0' failed

(firefox:11138): GLib-GObject-CRITICAL **: g_object_ref: assertion 'object->ref_count > 0' failed

(firefox:11138): GLib-GObject-CRITICAL **: g_object_unref: assertion 'object->ref_count > 0' failed

(firefox:11138): GLib-GObject-CRITICAL **: g_object_ref: assertion 'object->ref_count > 0' failed

(firefox:11138): GLib-GObject-CRITICAL **: g_object_unref: assertion 'object->ref_count > 0' failed

(firefox:11138): GLib-GObject-CRITICAL **: g_object_ref: assertion 'object->ref_count > 0' failed

(firefox:11138): GLib-GObject-CRITICAL **: g_object_unref: assertion 'object->ref_count > 0' failed
1499750955372	geckodriver	INFO	Listening on 127.0.0.1:38744
1499750956533	geckodriver::marionette	INFO	Starting browser /usr/bin/firefox with args ["-marionette"]

(firefox:14205): GLib-GObject-CRITICAL **: g_object_ref: assertion 'object->ref_count > 0' failed

(firefox:14205): GLib-GObject-CRITICAL **: g_object_unref: assertion 'object->ref_count > 0' failed

(firefox:14205): GLib-GObject-CRITICAL **: g_object_ref: assertion 'object->ref_count > 0' failed

(firefox:14205): GLib-GObject-CRITICAL **: g_object_unref: assertion 'object->ref_count > 0' failed
1499750961179	Marionette	INFO	Listening on port 60093
1499750961361	Marionette	WARN	TLS certificate errors will be ignored for this session
1499750961789	Marionette	INFO	New connections will no longer be accepted
1499751002381	geckodriver	INFO	Listening on 127.0.0.1:40885
1499751003538	geckodriver::marionette	INFO	Starting browser /usr/bin/firefox with args ["-marionette"]

(firefox:14307): GLib-GObject-CRITICAL **: g_object_ref: assertion 'object->ref_count > 0' failed

(firefox:14307): GLib-GObject-CRITICAL **: g_object_unref: assertion 'object->ref_count > 0' failed

(firefox:14307): GLib-GObject-CRITICAL **: g_object_ref: assertion 'object->ref_count > 0' failed

(firefox:14307): GLib-GObject-CRITICAL **: g_object_unref: assertion 'object->ref_count > 0' failed
1499751008369	Marionette	INFO	Listening on port 47464
1499751008549	Marionette	WARN	TLS certificate errors will be ignored for this session
1499751008972	Marionette	INFO	New connections will no longer be accepted
1499751029486	geckodriver	INFO	Listening on 127.0.0.1:44762
1499751030645	geckodriver::marionette	INFO	Starting browser /usr/bin/firefox with args ["-marionette"]

(firefox:14428): GLib-GObject-CRITICAL **: g_object_ref: assertion 'object->ref_count > 0' failed

(firefox:14428): GLib-GObject-CRITICAL **: g_object_unref: assertion 'object->ref_count > 0' failed

(firefox:14428): GLib-GObject-CRITICAL **: g_object_ref: assertion 'object->ref_count > 0' failed

(firefox:14428): GLib-GObject-CRITICAL **: g_object_unref: assertion 'object->ref_count > 0' failed
1499751035162	Marionette	INFO	Listening on port 46221
1499751035208	Marionette	WARN	TLS certificate errors will be ignored for this session
1499751035804	Marionette	INFO	New connections will no longer be accepted
1499751056794	geckodriver	INFO	Listening on 127.0.0.1:40972
1499751057963	geckodriver::marionette	INFO	Starting browser /usr/bin/firefox with args ["-marionette"]

(firefox:14533): GLib-GObject-CRITICAL **: g_object_ref: assertion 'object->ref_count > 0' failed

(firefox:14533): GLib-GObject-CRITICAL **: g_object_unref: assertion 'object->ref_count > 0' failed

(firefox:14533): GLib-GObject-CRITICAL **: g_object_ref: assertion 'object->ref_count > 0' failed

(firefox:14533): GLib-GObject-CRITICAL **: g_object_unref: assertion 'object->ref_count > 0' failed
1499751062566	Marionette	INFO	Listening on port 60361
1499751062628	Marionette	WARN	TLS certificate errors will be ignored for this session
1499751063196	Marionette	INFO	New connections will no longer be accepted
1499751081670	geckodriver	INFO	Listening on 127.0.0.1:33511
1499751082832	geckodriver::marionette	INFO	Starting browser /usr/bin/firefox with args ["-marionette"]

(firefox:14632): GLib-GObject-CRITICAL **: g_object_ref: assertion 'object->ref_count > 0' failed

(firefox:14632): GLib-GObject-CRITICAL **: g_object_unref: assertion 'object->ref_count > 0' failed

(firefox:14632): GLib-GObject-CRITICAL **: g_object_ref: assertion 'object->ref_count > 0' failed

(firefox:14632): GLib-GObject-CRITICAL **: g_object_unref: assertion 'object->ref_count > 0' failed
1499751087593	Marionette	INFO	Listening on port 41448
1499751087820	Marionette	WARN	TLS certificate errors will be ignored for this session
1499751088263	Marionette	INFO	New connections will no longer be accepted
